<?xml version="1.0" encoding="UTF-8"?><result xml:base="file:/Users/ekimber/workspace-d4p/dita4publishers/test/xslt/xmlbase-test"><a>Result document</a></result>